LearningApp/LearningApp/app/build/intermediates/manifest_merge_blame_file/debug/manifest-merger-blame-debug-report.txt
1<?xml version="1.0" encoding="utf-8"?>
2<manifest xmlns:android="http://schemas.android.com/apk/res/android"
3    package="com.learning.learningapp2022.ganeshhegde"
4    android:versionCode="1"
5    android:versionName="1.0" >
6
7    <uses-sdk
8        android:minSdkVersion="23"
8-->src/main/AndroidManifest.xml
9        android:targetSdkVersion="33" />
9-->src/main/AndroidManifest.xml
10
11    <permission
11-->[androidx.core:core:1.9.0] AndroidManifest.xml:22:5-24:47
12        android:name="com.learning.learningapp2022.ganeshhegde.DYNAMIC_RECEIVER_NOT_EXPORTED_PERMISSION"
12-->[androidx.core:core:1.9.0] AndroidManifest.xml:23:9-81
13        android:protectionLevel="signature" />
13-->[androidx.core:core:1.9.0] AndroidManifest.xml:24:9-44
14
15    <uses-permission android:name="com.learning.learningapp2022.ganeshhegde.DYNAMIC_RECEIVER_NOT_EXPORTED_PERMISSION" /> <!-- Permission will be merged into the manifest of the hosting app. -->
15-->[androidx.core:core:1.9.0] AndroidManifest.xml:26:5-97
15-->[androidx.core:core:1.9.0] AndroidManifest.xml:26:22-94
16    <!-- Is required to launch foreground extraction service for targetSdkVersion 28+. -->
17    <uses-permission android:name="android.permission.FOREGROUND_SERVICE" />
17-->[com.google.android.play:core:1.10.3] AndroidManifest.xml:13:5-77
17-->[com.google.android.play:core:1.10.3] AndroidManifest.xml:13:22-74
18
19    <application
19-->src/main/AndroidManifest.xml:4:5-72:19
20        android:allowBackup="true"
20-->src/main/AndroidManifest.xml:5:9-35
21        android:appComponentFactory="androidx.core.app.CoreComponentFactory"
21-->[androidx.core:core:1.9.0] AndroidManifest.xml:28:18-86
22        android:debuggable="true"
23        android:extractNativeLibs="false"
24        android:icon="@mipmap/ic_launcher"
24-->src/main/AndroidManifest.xml:6:9-43
25        android:label="@string/app_name"
25-->src/main/AndroidManifest.xml:7:9-41
26        android:roundIcon="@mipmap/ic_launcher_round"
26-->src/main/AndroidManifest.xml:8:9-54
27        android:supportsRtl="true"
27-->src/main/AndroidManifest.xml:9:9-35
28        android:testOnly="true"
29        android:theme="@style/Theme.LearningApp" >
29-->src/main/AndroidManifest.xml:10:9-49
30        <activity
30-->src/main/AndroidManifest.xml:11:9-17:20
31            android:name="com.learning.learningapp2022.ganeshhegde.roomdb.RoomDemoActivity"
31-->src/main/AndroidManifest.xml:12:13-52
32            android:exported="true"
32-->src/main/AndroidManifest.xml:13:13-36
33            android:screenOrientation="fullSensor"
33-->src/main/AndroidManifest.xml:14:13-51
34            android:windowSoftInputMode="stateAlwaysHidden" >
34-->src/main/AndroidManifest.xml:15:13-60
35        </activity>
36        <activity
36-->src/main/AndroidManifest.xml:18:9-23:20
37            android:name="com.learning.learningapp2022.ganeshhegde.coroutines.lifecycledemo.LifeCycleScopeActivity"
37-->src/main/AndroidManifest.xml:19:13-76
38            android:exported="true"
38-->src/main/AndroidManifest.xml:20:13-36
39            android:screenOrientation="fullSensor"
39-->src/main/AndroidManifest.xml:21:13-51
40            android:windowSoftInputMode="stateAlwaysHidden" >
40-->src/main/AndroidManifest.xml:22:13-60
41        </activity>
42        <activity
42-->src/main/AndroidManifest.xml:24:9-30:20
43            android:name="com.learning.learningapp2022.ganeshhegde.coroutines.CoroutinesActivity"
43-->src/main/AndroidManifest.xml:25:13-58
44            android:exported="true"
44-->src/main/AndroidManifest.xml:26:13-36
45            android:screenOrientation="fullSensor"
45-->src/main/AndroidManifest.xml:27:13-51
46            android:windowSoftInputMode="stateAlwaysHidden" >
46-->src/main/AndroidManifest.xml:28:13-60
47        </activity>
48        <activity
48-->src/main/AndroidManifest.xml:31:9-36:20
49            android:name="com.learning.learningapp2022.ganeshhegde.recyclerview.RecyclerActivity"
49-->src/main/AndroidManifest.xml:32:13-58
50            android:exported="true"
50-->src/main/AndroidManifest.xml:33:13-36
51            android:screenOrientation="fullSensor"
51-->src/main/AndroidManifest.xml:34:13-51
52            android:windowSoftInputMode="stateAlwaysHidden" >
52-->src/main/AndroidManifest.xml:35:13-60
53        </activity>
54        <activity
54-->src/main/AndroidManifest.xml:37:9-41:20
55            android:name="com.learning.learningapp2022.ganeshhegde.navigation2.Nav2Activity"
55-->src/main/AndroidManifest.xml:38:13-53
56            android:exported="true"
56-->src/main/AndroidManifest.xml:39:13-36
57            android:label="@string/title_activity_nav2" >
57-->src/main/AndroidManifest.xml:40:13-56
58        </activity>
59        <activity
59-->src/main/AndroidManifest.xml:42:9-47:20
60            android:name="com.learning.learningapp2022.ganeshhegde.navigation.NavigationActivity"
60-->src/main/AndroidManifest.xml:43:13-58
61            android:exported="true"
61-->src/main/AndroidManifest.xml:44:13-36
62            android:screenOrientation="fullSensor"
62-->src/main/AndroidManifest.xml:45:13-51
63            android:windowSoftInputMode="stateAlwaysHidden" >
63-->src/main/AndroidManifest.xml:46:13-60
64        </activity>
65        <activity
65-->src/main/AndroidManifest.xml:48:9-52:62
66            android:name="com.learning.learningapp2022.ganeshhegde.livedata.LiveDataActivity"
66-->src/main/AndroidManifest.xml:49:13-54
67            android:exported="true"
67-->src/main/AndroidManifest.xml:50:13-36
68            android:screenOrientation="fullSensor"
68-->src/main/AndroidManifest.xml:51:13-51
69            android:windowSoftInputMode="stateAlwaysHidden" />
69-->src/main/AndroidManifest.xml:52:13-60
70        <activity
70-->src/main/AndroidManifest.xml:54:9-63:20
71            android:name="com.learning.learningapp2022.ganeshhegde.viewmodel.VMActivity"
71-->src/main/AndroidManifest.xml:55:13-49
72            android:exported="true"
72-->src/main/AndroidManifest.xml:56:13-36
73            android:screenOrientation="fullSensor"
73-->src/main/AndroidManifest.xml:57:13-51
74            android:windowSoftInputMode="stateAlwaysHidden" >
74-->src/main/AndroidManifest.xml:58:13-60
75            <intent-filter>
75-->src/main/AndroidManifest.xml:59:13-62:29
76                <action android:name="android.intent.action.MAIN" />
76-->src/main/AndroidManifest.xml:60:17-69
76-->src/main/AndroidManifest.xml:60:25-66
77
78                <category android:name="android.intent.category.LAUNCHER" />
78-->src/main/AndroidManifest.xml:61:17-77
78-->src/main/AndroidManifest.xml:61:27-74
79            </intent-filter>
80        </activity>
81        <activity
81-->src/main/AndroidManifest.xml:64:9-70:20
82            android:name="com.learning.learningapp2022.ganeshhegde.databinding.DataBindingActivity"
82-->src/main/AndroidManifest.xml:65:13-60
83            android:exported="true"
83-->src/main/AndroidManifest.xml:66:13-36
84            android:screenOrientation="fullSensor"
84-->src/main/AndroidManifest.xml:67:13-51
85            android:windowSoftInputMode="stateAlwaysHidden" >
85-->src/main/AndroidManifest.xml:68:13-60
86        </activity>
87
88        <provider
88-->[androidx.emoji2:emoji2:1.2.0] AndroidManifest.xml:24:9-32:20
89            android:name="androidx.startup.InitializationProvider"
89-->[androidx.emoji2:emoji2:1.2.0] AndroidManifest.xml:25:13-67
90            android:authorities="com.learning.learningapp2022.ganeshhegde.androidx-startup"
90-->[androidx.emoji2:emoji2:1.2.0] AndroidManifest.xml:26:13-68
91            android:exported="false" >
91-->[androidx.emoji2:emoji2:1.2.0] AndroidManifest.xml:27:13-37
92            <meta-data
92-->[androidx.emoji2:emoji2:1.2.0] AndroidManifest.xml:29:13-31:52
93                android:name="androidx.emoji2.text.EmojiCompatInitializer"
93-->[androidx.emoji2:emoji2:1.2.0] AndroidManifest.xml:30:17-75
94                android:value="androidx.startup" />
94-->[androidx.emoji2:emoji2:1.2.0] AndroidManifest.xml:31:17-49
95            <meta-data
95-->[androidx.lifecycle:lifecycle-process:2.6.0] AndroidManifest.xml:29:13-31:52
96                android:name="androidx.lifecycle.ProcessLifecycleInitializer"
96-->[androidx.lifecycle:lifecycle-process:2.6.0] AndroidManifest.xml:30:17-78
97                android:value="androidx.startup" />
97-->[androidx.lifecycle:lifecycle-process:2.6.0] AndroidManifest.xml:31:17-49
98            <meta-data
98-->[androidx.profileinstaller:profileinstaller:1.2.1] AndroidManifest.xml:30:13-32:52
99                android:name="androidx.profileinstaller.ProfileInstallerInitializer"
99-->[androidx.profileinstaller:profileinstaller:1.2.1] AndroidManifest.xml:31:17-85
100                android:value="androidx.startup" />
100-->[androidx.profileinstaller:profileinstaller:1.2.1] AndroidManifest.xml:32:17-49
101        </provider>
102
103        <uses-library
103-->[androidx.window:window:1.0.0] AndroidManifest.xml:25:9-27:40
104            android:name="androidx.window.extensions"
104-->[androidx.window:window:1.0.0] AndroidManifest.xml:26:13-54
105            android:required="false" />
105-->[androidx.window:window:1.0.0] AndroidManifest.xml:27:13-37
106        <uses-library
106-->[androidx.window:window:1.0.0] AndroidManifest.xml:28:9-30:40
107            android:name="androidx.window.sidecar"
107-->[androidx.window:window:1.0.0] AndroidManifest.xml:29:13-51
108            android:required="false" />
108-->[androidx.window:window:1.0.0] AndroidManifest.xml:30:13-37
109
110        <service
110-->[androidx.room:room-runtime:2.5.0] AndroidManifest.xml:24:9-28:63
111            android:name="androidx.room.MultiInstanceInvalidationService"
111-->[androidx.room:room-runtime:2.5.0] AndroidManifest.xml:25:13-74
112            android:directBootAware="true"
112-->[androidx.room:room-runtime:2.5.0] AndroidManifest.xml:26:13-43
113            android:exported="false" />
113-->[androidx.room:room-runtime:2.5.0] AndroidManifest.xml:27:13-37
114
115        <receiver
115-->[androidx.profileinstaller:profileinstaller:1.2.1] AndroidManifest.xml:35:9-47:20
116            android:name="androidx.profileinstaller.ProfileInstallReceiver"
116-->[androidx.profileinstaller:profileinstaller:1.2.1] AndroidManifest.xml:36:13-76
117            android:directBootAware="false"
117-->[androidx.profileinstaller:profileinstaller:1.2.1] AndroidManifest.xml:37:13-44
118            android:enabled="true"
118-->[androidx.profileinstaller:profileinstaller:1.2.1] AndroidManifest.xml:38:13-35
119            android:exported="true"
119-->[androidx.profileinstaller:profileinstaller:1.2.1] AndroidManifest.xml:39:13-36
120            android:permission="android.permission.DUMP" >
120-->[androidx.profileinstaller:profileinstaller:1.2.1] AndroidManifest.xml:40:13-57
121            <intent-filter>
121-->[androidx.profileinstaller:profileinstaller:1.2.1] AndroidManifest.xml:41:13-43:29
122                <action android:name="androidx.profileinstaller.action.INSTALL_PROFILE" />
122-->[androidx.profileinstaller:profileinstaller:1.2.1] AndroidManifest.xml:42:17-91
122-->[androidx.profileinstaller:profileinstaller:1.2.1] AndroidManifest.xml:42:25-88
123            </intent-filter>
124            <intent-filter>
124-->[androidx.profileinstaller:profileinstaller:1.2.1] AndroidManifest.xml:44:13-46:29
125                <action android:name="androidx.profileinstaller.action.SKIP_FILE" />
125-->[androidx.profileinstaller:profileinstaller:1.2.1] AndroidManifest.xml:45:17-85
125-->[androidx.profileinstaller:profileinstaller:1.2.1] AndroidManifest.xml:45:25-82
126            </intent-filter>
127        </receiver> <!-- The activities will be merged into the manifest of the hosting app. -->
128        <activity
128-->[com.google.android.play:core:1.10.3] AndroidManifest.xml:18:9-24:45
129            android:name="com.google.android.play.core.missingsplits.PlayCoreMissingSplitsActivity"
129-->[com.google.android.play:core:1.10.3] AndroidManifest.xml:19:13-100
130            android:enabled="false"
130-->[com.google.android.play:core:1.10.3] AndroidManifest.xml:20:13-36
131            android:exported="false"
131-->[com.google.android.play:core:1.10.3] AndroidManifest.xml:21:13-37
132            android:launchMode="singleInstance"
132-->[com.google.android.play:core:1.10.3] AndroidManifest.xml:22:13-48
133            android:process=":playcore_missing_splits_activity"
133-->[com.google.android.play:core:1.10.3] AndroidManifest.xml:23:13-64
134            android:stateNotNeeded="true" />
134-->[com.google.android.play:core:1.10.3] AndroidManifest.xml:24:13-42
135        <activity
135-->[com.google.android.play:core:1.10.3] AndroidManifest.xml:25:9-29:65
136            android:name="com.google.android.play.core.common.PlayCoreDialogWrapperActivity"
136-->[com.google.android.play:core:1.10.3] AndroidManifest.xml:26:13-93
137            android:exported="false"
137-->[com.google.android.play:core:1.10.3] AndroidManifest.xml:27:13-37
138            android:stateNotNeeded="true"
138-->[com.google.android.play:core:1.10.3] AndroidManifest.xml:28:13-42
139            android:theme="@style/Theme.PlayCore.Transparent" /> <!-- The services will be merged into the manifest of the hosting app. -->
139-->[com.google.android.play:core:1.10.3] AndroidManifest.xml:29:13-62
140        <service
140-->[com.google.android.play:core:1.10.3] AndroidManifest.xml:32:9-39:19
141            android:name="com.google.android.play.core.assetpacks.AssetPackExtractionService"
141-->[com.google.android.play:core:1.10.3] AndroidManifest.xml:33:13-94
142            android:enabled="false"
142-->[com.google.android.play:core:1.10.3] AndroidManifest.xml:34:13-36
143            android:exported="true" >
143-->[com.google.android.play:core:1.10.3] AndroidManifest.xml:35:13-36
144            <meta-data
144-->[com.google.android.play:core:1.10.3] AndroidManifest.xml:36:13-38:41
145                android:name="com.google.android.play.core.assetpacks.versionCode"
145-->[com.google.android.play:core:1.10.3] AndroidManifest.xml:37:17-83
146                android:value="11003" />
146-->[com.google.android.play:core:1.10.3] AndroidManifest.xml:38:17-38
147        </service>
148        <service
148-->[com.google.android.play:core:1.10.3] AndroidManifest.xml:40:9-43:40
149            android:name="com.google.android.play.core.assetpacks.ExtractionForegroundService"
149-->[com.google.android.play:core:1.10.3] AndroidManifest.xml:41:13-95
150            android:enabled="false"
150-->[com.google.android.play:core:1.10.3] AndroidManifest.xml:42:13-36
151            android:exported="false" />
151-->[com.google.android.play:core:1.10.3] AndroidManifest.xml:43:13-37
152    </application>
153
154</manifest>